25.05.2025, 20:29:41 [INFO] - Source: /task_manager_webhook//move_task_in_project
Task 19268 - Протестировать вебхук на всех сотрудников added to group - 148

25.05.2025, 20:29:42 [ACCESS] - Source: /task_manager_webhook//move_task_in_project
Same responsible for task 19268

25.05.2025, 20:30:23 [INFO] - Source: /task_manager_webhook//move_task_in_project
Task 19268 - Протестировать вебхук на всех сотрудников added to group - 156

25.05.2025, 20:30:24 [ACCESS] - Source: /task_manager_webhook//move_task_in_project
Same responsible for task 19268

25.05.2025, 20:31:01 [ACCESS] - Source: /task_manager_webhook//move_task_in_project
Same responsible for task 19268

25.05.2025, 20:31:12 [ACCESS] - Source: /task_manager_webhook//move_task_in_project
Same responsible for task 19268

25.05.2025, 20:31:18 [ACCESS] - Source: /task_manager_webhook//move_task_in_project
Same responsible for task 19268

25.05.2025, 20:31:20 [ACCESS] - Source: /task_manager_webhook//move_task_in_project
Same responsible for task 19268

25.05.2025, 20:31:34 [ACCESS] - Source: /task_manager_webhook//move_task_in_project
Same responsible for task 19268

25.05.2025, 20:34:36 [ACCESS] - Source: /task_manager_webhook//move_task_in_project
Same responsible for task 19268

25.05.2025, 20:34:37 [INFO] - Source: /task_manager_webhook//move_task_in_project
Task 19268 - Протестировать вебхук на всех сотрудников added to group - 156

25.05.2025, 20:34:38 [ACCESS] - Source: /task_manager_webhook//move_task_in_project
Same responsible for task 19268

25.05.2025, 20:34:38 [ACCESS] - Source: /task_manager_webhook//move_task_in_project
Same responsible for task 19268

25.05.2025, 20:34:48 [ACCESS] - Source: /task_manager_webhook//move_task_in_project
Same responsible for task 19268

25.05.2025, 20:34:48 [INFO] - Source: /task_manager_webhook//move_task_in_project
Task 19268 - Протестировать вебхук на всех сотрудников added to group - 156

25.05.2025, 20:34:49 [ACCESS] - Source: /task_manager_webhook//move_task_in_project
Same responsible for task 19268

25.05.2025, 20:35:31 [ACCESS] - Source: /task_manager_webhook//move_task_in_project
Same responsible for task 19268

25.05.2025, 20:35:32 [INFO] - Source: /task_manager_webhook//move_task_in_project
Task 19268 - Протестировать вебхук на всех сотрудников added to group - 156 within same responsible employee

25.05.2025, 20:35:33 [ACCESS] - Source: /task_manager_webhook//move_task_in_project
Same responsible for task 19268

25.05.2025, 20:35:33 [ACCESS] - Source: /task_manager_webhook//move_task_in_project
Same responsible for task 19268

25.05.2025, 20:35:33 [ACCESS] - Source: /task_manager_webhook//move_task_in_project
Same responsible for task 19268

25.05.2025, 20:36:19 [ACCESS] - Source: /task_manager_webhook//move_task_in_project
Same responsible for task 19268

25.05.2025, 20:36:19 [INFO] - Source: /task_manager_webhook//move_task_in_project
Task 19268 - Протестировать вебхук на всех сотрудников added to group - 156 within same responsible employee

25.05.2025, 20:36:20 [ACCESS] - Source: /task_manager_webhook//move_task_in_project
Same responsible for task 19268

25.05.2025, 20:41:29 [ACCESS] - Source: /task_manager_webhook//move_task_in_project
Same responsible for task 19268

25.05.2025, 20:42:16 [INFO] - Source: /task_manager_webhook//move_task_in_project
Task 19184 - Выгрузка сделок казахгриль added to group - 156

25.05.2025, 20:42:16 [INFO] - Source: /task_manager_webhook//move_task_in_project
Task 19184 - Выгрузка сделок казахгриль added to group - 156

25.05.2025, 20:42:17 [ACCESS] - Source: /task_manager_webhook//move_task_in_project
Same responsible for task 19184

25.05.2025, 20:42:17 [ACCESS] - Source: /task_manager_webhook//move_task_in_project
Same responsible for task 19184

